
python3 dots_array.py -M 10 -N 10 --vmin 1 --vmax 0.1 --vstep 0.001 --vr 0 --vg-avg 0 --vg-std 0 --c-avg 1 --c-std 0.9 --cg-avg 5 --cg-std 0 --r-avg 10 --r-std 9 --rg-avg 500 --rg-std 0 --repeats 25 --n-avg 0 --n-std 0 --q-avg 0 --q-std 0 -T 0.001 --temperature-gradient 0 --distribution exp --gap 0 --custom-rh "" --custom-rv "" --custom-ch "" --custom-cv "" --file-name array_10_10_it_v_1_cg_5 -o bgu_it2 -i bgu_it/runningParameters_array_10_10_disorder_c_std_0.1_r_std_9_run_1.txt --full --current-map   --symmetric-v       

Loading parameters from file bgu_it/runningParameters_array_10_10_disorder_c_std_0.1_r_std_9_run_1.txt
Saving array parameters
Normal prototype array was created
Starting parallel run
Saving results

python3 dots_array.py -M 10 -N 10 --vmin 1 --vmax 0.1 --vstep 0.001 --vr 0 --vg-avg 0 --vg-std 0 --c-avg 1 --c-std 0.9 --cg-avg 5 --cg-std 0 --r-avg 10 --r-std 9 --rg-avg 500 --rg-std 0 --repeats 50 --n-avg 0 --n-std 0 --q-avg 0 --q-std 0 -T 0.001 --temperature-gradient 0 --distribution exp --gap 0 --custom-rh "" --custom-rv "" --custom-ch "" --custom-cv "" --file-name array_10_10_it_v_1_cg_5 -o bgu_it2 -i bgu_it/runningParameters_array_10_10_disorder_c_std_0.1_r_std_9_run_1.txt --full --current-map   --symmetric-v       

Loading parameters from file bgu_it/runningParameters_array_10_10_disorder_c_std_0.1_r_std_9_run_1.txt
Saving array parameters
Normal prototype array was created
Starting parallel run
Saving results

python3 dots_array.py -M 10 -N 10 --vmin 1 --vmax 0.1 --vstep 0.001 --vr 0 --vg-avg 0 --vg-std 0 --c-avg 1 --c-std 0.9 --cg-avg 5 --cg-std 0 --r-avg 10 --r-std 9 --rg-avg 500 --rg-std 0 --repeats 50 --n-avg 0 --n-std 0 --q-avg 0 --q-std 0 -T 0.001 --temperature-gradient 0 --distribution exp --gap 0 --custom-rh "" --custom-rv "" --custom-ch "" --custom-cv "" --file-name array_10_10_it_v_1_cg_5 -o bgu_it2 -i bgu_it/runningParameters_array_10_10_disorder_c_std_0.1_r_std_9_run_1.txt --full --current-map   --symmetric-v       --calc-it

Loading parameters from file bgu_it/runningParameters_array_10_10_disorder_c_std_0.1_r_std_9_run_1.txt
Saving array parameters
Normal prototype array was created
Starting parallel run
0.001,0.002,0.003,0.004,0.005,0.006,0.007,0.008,0.009,0.010,0.011,0.012,0.013,0.014,0.015,0.016,0.017,0.018,
python3 dots_array.py -M 10 -N 10 --vmin 1 --vmax 0.025 --vstep 0.001 --vr 0 --vg-avg 0 --vg-std 0 --c-avg 1 --c-std 0.9 --cg-avg 5 --cg-std 0 --r-avg 10 --r-std 9 --rg-avg 500 --rg-std 0 --repeats 50 --n-avg 0 --n-std 0 --q-avg 0 --q-std 0 -T 0.001 --temperature-gradient 0 --distribution exp --gap 0 --custom-rh "" --custom-rv "" --custom-ch "" --custom-cv "" --file-name array_10_10_it_v_1_cg_5 -o bgu_it2 -i bgu_it/runningParameters_array_10_10_disorder_c_std_0.1_r_std_9_run_1.txt --full --current-map   --symmetric-v       --calc-it

Loading parameters from file bgu_it/runningParameters_array_10_10_disorder_c_std_0.1_r_std_9_run_1.txt
Saving array parameters
Normal prototype array was created
Starting parallel run

python3 dots_array.py -M 10 -N 10 --vmin 1 --vmax 0.025 --vstep 0.001 --vr 0 --vg-avg 0 --vg-std 0 --c-avg 1 --c-std 0.9 --cg-avg 5 --cg-std 0 --r-avg 10 --r-std 9 --rg-avg 500 --rg-std 0 --repeats 50 --n-avg 0 --n-std 0 --q-avg 0 --q-std 0 -T 0.001 --temperature-gradient 0 --distribution exp --gap 0 --custom-rh "" --custom-rv "" --custom-ch "" --custom-cv "" --file-name array_10_10_it_v_1_cg_5 -o bgu_it2 -i bgu_it/runningParameters_array_10_10_disorder_c_std_0.1_r_std_9_run_1.txt --full --current-map  --resume --symmetric-v       --calc-it

Loading parameters from file bgu_it/runningParameters_array_10_10_disorder_c_std_0.1_r_std_9_run_1.txt
Loading array parameters
Normal prototype array was created
Starting parallel run
0.019,0.020,0.021,0.022,0.023,0.024,Saving results
